\BOOKMARK [0][-]{chapter.1}{\376\377\000C\000l\000a\000s\000s\000\040\000I\000n\000d\000e\000x}{}% 1
\BOOKMARK [1][-]{section.1.1}{\376\377\000C\000l\000a\000s\000s\000\040\000L\000i\000s\000t}{chapter.1}% 2
\BOOKMARK [0][-]{chapter.2}{\376\377\000C\000l\000a\000s\000s\000\040\000D\000o\000c\000u\000m\000e\000n\000t\000a\000t\000i\000o\000n}{}% 3
\BOOKMARK [1][-]{section.2.1}{\376\377\000H\000P\000W\000H\000:\000:\000H\000e\000a\000t\000S\000o\000u\000r\000c\000e\000\040\000C\000l\000a\000s\000s\000\040\000R\000e\000f\000e\000r\000e\000n\000c\000e}{chapter.2}% 4
\BOOKMARK [2][-]{subsection.2.1.1}{\376\377\000C\000o\000n\000s\000t\000r\000u\000c\000t\000o\000r\000\040\000\046\000\040\000D\000e\000s\000t\000r\000u\000c\000t\000o\000r\000\040\000D\000o\000c\000u\000m\000e\000n\000t\000a\000t\000i\000o\000n}{section.2.1}% 5
\BOOKMARK [3][-]{subsubsection.2.1.1.1}{\376\377\000H\000e\000a\000t\000S\000o\000u\000r\000c\000e}{subsection.2.1.1}% 6
\BOOKMARK [2][-]{subsection.2.1.2}{\376\377\000M\000e\000m\000b\000e\000r\000\040\000F\000u\000n\000c\000t\000i\000o\000n\000\040\000D\000o\000c\000u\000m\000e\000n\000t\000a\000t\000i\000o\000n}{section.2.1}% 7
\BOOKMARK [3][-]{subsubsection.2.1.2.1}{\376\377\000a\000d\000d\000H\000e\000a\000t}{subsection.2.1.2}% 8
\BOOKMARK [3][-]{subsubsection.2.1.2.2}{\376\377\000d\000i\000s\000e\000n\000g\000a\000g\000e\000H\000e\000a\000t\000S\000o\000u\000r\000c\000e}{subsection.2.1.2}% 9
\BOOKMARK [3][-]{subsubsection.2.1.2.3}{\376\377\000e\000n\000g\000a\000g\000e\000H\000e\000a\000t\000S\000o\000u\000r\000c\000e}{subsection.2.1.2}% 10
\BOOKMARK [3][-]{subsubsection.2.1.2.4}{\376\377\000i\000s\000E\000n\000g\000a\000g\000e\000d}{subsection.2.1.2}% 11
\BOOKMARK [3][-]{subsubsection.2.1.2.5}{\376\377\000s\000e\000t\000C\000o\000n\000d\000e\000n\000s\000i\000t\000y}{subsection.2.1.2}% 12
\BOOKMARK [3][-]{subsubsection.2.1.2.6}{\376\377\000s\000e\000t\000u\000p\000A\000s\000R\000e\000s\000i\000s\000t\000i\000v\000e\000E\000l\000e\000m\000e\000n\000t}{subsection.2.1.2}% 13
\BOOKMARK [3][-]{subsubsection.2.1.2.7}{\376\377\000s\000h\000o\000u\000l\000d\000H\000e\000a\000t}{subsection.2.1.2}% 14
\BOOKMARK [3][-]{subsubsection.2.1.2.8}{\376\377\000s\000h\000u\000t\000s\000O\000f\000f}{subsection.2.1.2}% 15
\BOOKMARK [1][-]{section.2.2}{\376\377\000H\000P\000W\000H\000\040\000C\000l\000a\000s\000s\000\040\000R\000e\000f\000e\000r\000e\000n\000c\000e}{chapter.2}% 16
\BOOKMARK [2][-]{subsection.2.2.1}{\376\377\000D\000e\000t\000a\000i\000l\000e\000d\000\040\000D\000e\000s\000c\000r\000i\000p\000t\000i\000o\000n}{section.2.2}% 17
\BOOKMARK [2][-]{subsection.2.2.2}{\376\377\000M\000e\000m\000b\000e\000r\000\040\000E\000n\000u\000m\000e\000r\000a\000t\000i\000o\000n\000\040\000D\000o\000c\000u\000m\000e\000n\000t\000a\000t\000i\000o\000n}{section.2.2}% 18
\BOOKMARK [3][-]{subsubsection.2.2.2.1}{\376\377\000D\000R\000M\000O\000D\000E\000S}{subsection.2.2.2}% 19
\BOOKMARK [3][-]{subsubsection.2.2.2.2}{\376\377\000H\000E\000A\000T\000S\000O\000U\000R\000C\000E\000\137\000T\000Y\000P\000E}{subsection.2.2.2}% 20
\BOOKMARK [3][-]{subsubsection.2.2.2.3}{\376\377\000M\000O\000D\000E\000L\000S}{subsection.2.2.2}% 21
\BOOKMARK [3][-]{subsubsection.2.2.2.4}{\376\377\000U\000N\000I\000T\000S}{subsection.2.2.2}% 22
\BOOKMARK [3][-]{subsubsection.2.2.2.5}{\376\377\000V\000E\000R\000B\000O\000S\000I\000T\000Y}{subsection.2.2.2}% 23
\BOOKMARK [2][-]{subsection.2.2.3}{\376\377\000C\000o\000n\000s\000t\000r\000u\000c\000t\000o\000r\000\040\000\046\000\040\000D\000e\000s\000t\000r\000u\000c\000t\000o\000r\000\040\000D\000o\000c\000u\000m\000e\000n\000t\000a\000t\000i\000o\000n}{section.2.2}% 24
\BOOKMARK [3][-]{subsubsection.2.2.3.1}{\376\377\000H\000P\000W\000H}{subsection.2.2.3}% 25
\BOOKMARK [3][-]{subsubsection.2.2.3.2}{\376\377\000H\000P\000W\000H}{subsection.2.2.3}% 26
\BOOKMARK [3][-]{subsubsection.2.2.3.3}{\376\377\000H\000P\000W\000H}{subsection.2.2.3}% 27
\BOOKMARK [2][-]{subsection.2.2.4}{\376\377\000M\000e\000m\000b\000e\000r\000\040\000F\000u\000n\000c\000t\000i\000o\000n\000\040\000D\000o\000c\000u\000m\000e\000n\000t\000a\000t\000i\000o\000n}{section.2.2}% 28
\BOOKMARK [3][-]{subsubsection.2.2.4.1}{\376\377\000g\000e\000t\000E\000n\000e\000r\000g\000y\000R\000e\000m\000o\000v\000e\000d\000F\000r\000o\000m\000E\000n\000v\000i\000r\000o\000n\000m\000e\000n\000t}{subsection.2.2.4}% 29
\BOOKMARK [3][-]{subsubsection.2.2.4.2}{\376\377\000g\000e\000t\000N\000t\000h\000H\000e\000a\000t\000S\000o\000u\000r\000c\000e\000E\000n\000e\000r\000g\000y\000I\000n\000p\000u\000t}{subsection.2.2.4}% 30
\BOOKMARK [3][-]{subsubsection.2.2.4.3}{\376\377\000g\000e\000t\000N\000t\000h\000H\000e\000a\000t\000S\000o\000u\000r\000c\000e\000E\000n\000e\000r\000g\000y\000I\000n\000p\000u\000t}{subsection.2.2.4}% 31
\BOOKMARK [3][-]{subsubsection.2.2.4.4}{\376\377\000g\000e\000t\000N\000t\000h\000H\000e\000a\000t\000S\000o\000u\000r\000c\000e\000E\000n\000e\000r\000g\000y\000O\000u\000t\000p\000u\000t}{subsection.2.2.4}% 32
\BOOKMARK [3][-]{subsubsection.2.2.4.5}{\376\377\000g\000e\000t\000N\000t\000h\000H\000e\000a\000t\000S\000o\000u\000r\000c\000e\000E\000n\000e\000r\000g\000y\000O\000u\000t\000p\000u\000t}{subsection.2.2.4}% 33
\BOOKMARK [3][-]{subsubsection.2.2.4.6}{\376\377\000g\000e\000t\000N\000t\000h\000H\000e\000a\000t\000S\000o\000u\000r\000c\000e\000R\000u\000n\000T\000i\000m\000e}{subsection.2.2.4}% 34
\BOOKMARK [3][-]{subsubsection.2.2.4.7}{\376\377\000g\000e\000t\000N\000t\000h\000H\000e\000a\000t\000S\000o\000u\000r\000c\000e\000T\000y\000p\000e}{subsection.2.2.4}% 35
\BOOKMARK [3][-]{subsubsection.2.2.4.8}{\376\377\000g\000e\000t\000N\000t\000h\000S\000i\000m\000T\000c\000o\000u\000p\000l\000e}{subsection.2.2.4}% 36
\BOOKMARK [3][-]{subsubsection.2.2.4.9}{\376\377\000g\000e\000t\000N\000t\000h\000S\000i\000m\000T\000c\000o\000u\000p\000l\000e}{subsection.2.2.4}% 37
\BOOKMARK [3][-]{subsubsection.2.2.4.10}{\376\377\000g\000e\000t\000N\000u\000m\000H\000e\000a\000t\000S\000o\000u\000r\000c\000e\000s}{subsection.2.2.4}% 38
\BOOKMARK [3][-]{subsubsection.2.2.4.11}{\376\377\000g\000e\000t\000N\000u\000m\000N\000o\000d\000e\000s}{subsection.2.2.4}% 39
\BOOKMARK [3][-]{subsubsection.2.2.4.12}{\376\377\000g\000e\000t\000O\000u\000t\000l\000e\000t\000T\000e\000m\000p}{subsection.2.2.4}% 40
\BOOKMARK [3][-]{subsubsection.2.2.4.13}{\376\377\000g\000e\000t\000S\000e\000t\000p\000o\000i\000n\000t}{subsection.2.2.4}% 41
\BOOKMARK [3][-]{subsubsection.2.2.4.14}{\376\377\000g\000e\000t\000S\000t\000a\000n\000d\000b\000y\000L\000o\000s\000s\000e\000s}{subsection.2.2.4}% 42
\BOOKMARK [3][-]{subsubsection.2.2.4.15}{\376\377\000g\000e\000t\000T\000a\000n\000k\000H\000e\000a\000t\000C\000o\000n\000t\000e\000n\000t\000\137\000k\000J}{subsection.2.2.4}% 43
\BOOKMARK [3][-]{subsubsection.2.2.4.16}{\376\377\000g\000e\000t\000T\000a\000n\000k\000N\000o\000d\000e\000T\000e\000m\000p}{subsection.2.2.4}% 44
\BOOKMARK [3][-]{subsubsection.2.2.4.17}{\376\377\000g\000e\000t\000T\000a\000n\000k\000N\000o\000d\000e\000T\000e\000m\000p}{subsection.2.2.4}% 45
\BOOKMARK [3][-]{subsubsection.2.2.4.18}{\376\377\000g\000e\000t\000V\000e\000r\000s\000i\000o\000n}{subsection.2.2.4}% 46
\BOOKMARK [3][-]{subsubsection.2.2.4.19}{\376\377\000H\000P\000W\000H\000i\000n\000i\000t\000\137\000f\000i\000l\000e}{subsection.2.2.4}% 47
\BOOKMARK [3][-]{subsubsection.2.2.4.20}{\376\377\000H\000P\000W\000H\000i\000n\000i\000t\000\137\000p\000r\000e\000s\000e\000t\000s}{subsection.2.2.4}% 48
\BOOKMARK [3][-]{subsubsection.2.2.4.21}{\376\377\000H\000P\000W\000H\000i\000n\000i\000t\000\137\000r\000e\000s\000T\000a\000n\000k}{subsection.2.2.4}% 49
\BOOKMARK [3][-]{subsubsection.2.2.4.22}{\376\377\000H\000P\000W\000H\000i\000n\000i\000t\000\137\000r\000e\000s\000T\000a\000n\000k}{subsection.2.2.4}% 50
\BOOKMARK [3][-]{subsubsection.2.2.4.23}{\376\377\000i\000s\000N\000t\000h\000H\000e\000a\000t\000S\000o\000u\000r\000c\000e\000R\000u\000n\000n\000i\000n\000g}{subsection.2.2.4}% 51
\BOOKMARK [3][-]{subsubsection.2.2.4.24}{\376\377\000i\000s\000S\000e\000t\000p\000o\000i\000n\000t\000F\000i\000x\000e\000d}{subsection.2.2.4}% 52
\BOOKMARK [3][-]{subsubsection.2.2.4.25}{\376\377\000o\000p\000e\000r\000a\000t\000o\000r\000=}{subsection.2.2.4}% 53
\BOOKMARK [3][-]{subsubsection.2.2.4.26}{\376\377\000p\000r\000i\000n\000t\000H\000e\000a\000t\000S\000o\000u\000r\000c\000e\000I\000n\000f\000o}{subsection.2.2.4}% 54
\BOOKMARK [3][-]{subsubsection.2.2.4.27}{\376\377\000p\000r\000i\000n\000t\000T\000a\000n\000k\000T\000e\000m\000p\000s}{subsection.2.2.4}% 55
\BOOKMARK [3][-]{subsubsection.2.2.4.28}{\376\377\000r\000e\000s\000e\000t\000T\000a\000n\000k\000T\000o\000S\000e\000t\000p\000o\000i\000n\000t}{subsection.2.2.4}% 56
\BOOKMARK [3][-]{subsubsection.2.2.4.29}{\376\377\000r\000u\000n\000N\000S\000t\000e\000p\000s}{subsection.2.2.4}% 57
\BOOKMARK [3][-]{subsubsection.2.2.4.30}{\376\377\000r\000u\000n\000O\000n\000e\000S\000t\000e\000p}{subsection.2.2.4}% 58
\BOOKMARK [3][-]{subsubsection.2.2.4.31}{\376\377\000r\000u\000n\000O\000n\000e\000S\000t\000e\000p}{subsection.2.2.4}% 59
\BOOKMARK [3][-]{subsubsection.2.2.4.32}{\376\377\000s\000e\000t\000A\000i\000r\000F\000l\000o\000w\000F\000r\000e\000e\000d\000o\000m}{subsection.2.2.4}% 60
\BOOKMARK [3][-]{subsubsection.2.2.4.33}{\376\377\000s\000e\000t\000D\000o\000T\000e\000m\000p\000D\000e\000p\000r\000e\000s\000s\000i\000o\000n}{subsection.2.2.4}% 61
\BOOKMARK [3][-]{subsubsection.2.2.4.34}{\376\377\000s\000e\000t\000I\000n\000l\000e\000t\000T}{subsection.2.2.4}% 62
\BOOKMARK [3][-]{subsubsection.2.2.4.35}{\376\377\000s\000e\000t\000M\000e\000s\000s\000a\000g\000e\000C\000a\000l\000l\000b\000a\000c\000k}{subsection.2.2.4}% 63
\BOOKMARK [3][-]{subsubsection.2.2.4.36}{\376\377\000s\000e\000t\000S\000e\000t\000p\000o\000i\000n\000t}{subsection.2.2.4}% 64
\BOOKMARK [3][-]{subsubsection.2.2.4.37}{\376\377\000s\000e\000t\000S\000e\000t\000p\000o\000i\000n\000t}{subsection.2.2.4}% 65
\BOOKMARK [3][-]{subsubsection.2.2.4.38}{\376\377\000s\000e\000t\000T\000a\000n\000k\000S\000i\000z\000e}{subsection.2.2.4}% 66
\BOOKMARK [3][-]{subsubsection.2.2.4.39}{\376\377\000s\000e\000t\000U\000A}{subsection.2.2.4}% 67
\BOOKMARK [3][-]{subsubsection.2.2.4.40}{\376\377\000s\000e\000t\000V\000e\000r\000b\000o\000s\000i\000t\000y}{subsection.2.2.4}% 68
\BOOKMARK [3][-]{subsubsection.2.2.4.41}{\376\377\000W\000r\000i\000t\000e\000C\000S\000V\000R\000o\000w}{subsection.2.2.4}% 69
\BOOKMARK [2][-]{subsection.2.2.5}{\376\377\000M\000e\000m\000b\000e\000r\000\040\000D\000a\000t\000a\000\040\000D\000o\000c\000u\000m\000e\000n\000t\000a\000t\000i\000o\000n}{section.2.2}% 70
\BOOKMARK [3][-]{subsubsection.2.2.5.1}{\376\377\000C\000O\000N\000D\000E\000N\000S\000I\000T\000Y\000\137\000S\000I\000Z\000E}{subsection.2.2.5}% 71
\BOOKMARK [3][-]{subsubsection.2.2.5.2}{\376\377\000H\000E\000A\000T\000D\000I\000S\000T\000\137\000M\000I\000N\000V\000A\000L\000U\000E}{subsection.2.2.5}% 72
\BOOKMARK [3][-]{subsubsection.2.2.5.3}{\376\377\000H\000P\000W\000H\000\137\000A\000B\000O\000R\000T}{subsection.2.2.5}% 73
\BOOKMARK [3][-]{subsubsection.2.2.5.4}{\376\377\000M\000A\000X\000O\000U\000T\000S\000T\000R\000I\000N\000G}{subsection.2.2.5}% 74
\BOOKMARK [3][-]{subsubsection.2.2.5.5}{\376\377\000U\000N\000I\000N\000I\000T\000I\000A\000L\000I\000Z\000E\000D\000\137\000L\000O\000C\000A\000T\000I\000O\000N\000T\000E\000M\000P}{subsection.2.2.5}% 75
\BOOKMARK [0][-]{section*.9}{\376\377\000I\000n\000d\000e\000x}{}% 76
